<?xml version="1.0" encoding="UTF-8"?>
<testsuite xmlns:xsi="http://www.w3.org/2001/XMLSchema-instance" xsi:noNamespaceSchemaLocation="https://maven.apache.org/surefire/maven-surefire-plugin/xsd/surefire-test-report.xsd" version="3.0.2" name="com.example.discoveryservice.DiscoveryserviceApplicationTests" time="12.187" tests="1" errors="0" skipped="0" failures="0">
  <properties>
[...]
</properties>
  <testcase name="contextLoads" classname="com.example.discoveryservice.DiscoveryserviceApplicationTests" time="1.338">
    <system-out><![CDATA[Standard Commons Logging discovery in action with spring-jcl: please remove commons-logging.jar from classpath in order to avoid potential conflicts
19:33:04.130 [main] INFO org.springframework.test.context.support.AnnotationConfigContextLoaderUtils -- Could not detect default configuration classes for test class [com.example.discoveryservice.DiscoveryserviceApplicationTests]: DiscoveryserviceApplicationTests does not declare any static, non-private, non-final, nested classes annotated with @Configuration.
19:33:04.351 [main] INFO org.springframework.boot.test.context.SpringBootTestContextBootstrapper -- Found @SpringBootConfiguration com.example.discoveryservice.DiscoveryserviceApplication for test class com.example.discoveryservice.DiscoveryserviceApplicationTests

  .   ____          _            __ _ _
 /\\ / ___'_ __ _ _(_)_ __  __ _ \ \ \ \
( ( )\___ | '_ | '_| | '_ \/ _` | \ \ \ \
 \\/  ___)| |_)| | | | | || (_| |  ) ) ) )
  '  |____| .__|_| |_|_| |_\__, | / / / /
 =========|_|==============|___/=/_/_/_/

 :: Spring Boot ::                (v3.4.0)

2024-12-26T19:33:06.784+09:00  INFO 24280 --- [discoveryservice] [           main] c.e.d.DiscoveryserviceApplicationTests   : Starting DiscoveryserviceApplicationTests using Java 17.0.4 with PID 24280 (started by 82102 in C:\discoveryservice\discoveryservice)
2024-12-26T19:33:06.786+09:00  INFO 24280 --- [discoveryservice] [           main] c.e.d.DiscoveryserviceApplicationTests   : No active profile set, falling back to 1 default profile: "default"
2024-12-26T19:33:08.747+09:00  INFO 24280 --- [discoveryservice] [           main] o.s.cloud.context.scope.GenericScope     : BeanFactory id=828e38cf-1f26-33cb-b4ce-149990129405
2024-12-26T19:33:11.486+09:00  INFO 24280 --- [discoveryservice] [           main] o.s.cloud.commons.util.InetUtils         : Cannot determine local hostname
2024-12-26T19:33:13.519+09:00  INFO 24280 --- [discoveryservice] [           main] o.s.cloud.commons.util.InetUtils         : Cannot determine local hostname
2024-12-26T19:33:13.646+09:00  WARN 24280 --- [discoveryservice] [           main] iguration$LoadBalancerCaffeineWarnLogger : Spring Cloud LoadBalancer is currently working with the default cache. While this cache implementation is useful for development and tests, it's recommended to use Caffeine cache in production.You can switch to using Caffeine cache, by adding it and org.springframework.cache.caffeine.CaffeineCacheManager to the classpath.
2024-12-26T19:33:14.026+09:00  INFO 24280 --- [discoveryservice] [           main] o.s.c.n.eureka.InstanceInfoFactory       : Setting initial instance status as: STARTING
2024-12-26T19:33:14.069+09:00  INFO 24280 --- [discoveryservice] [           main] com.netflix.discovery.DiscoveryClient    : Initializing Eureka in region us-east-1
2024-12-26T19:33:14.072+09:00  INFO 24280 --- [discoveryservice] [           main] com.netflix.discovery.DiscoveryClient    : Client configured to neither register nor query for data.
2024-12-26T19:33:14.076+09:00  INFO 24280 --- [discoveryservice] [           main] com.netflix.discovery.DiscoveryClient    : Discovery Client initialized at timestamp 1735209194074 with initial instances count: 0
2024-12-26T19:33:14.156+09:00  INFO 24280 --- [discoveryservice] [           main] c.n.eureka.DefaultEurekaServerContext    : Initializing ...
2024-12-26T19:33:14.159+09:00  WARN 24280 --- [discoveryservice] [           main] c.n.eureka.cluster.PeerEurekaNodes       : The replica size seems to be empty. Check the route 53 DNS Registry
2024-12-26T19:33:14.186+09:00  INFO 24280 --- [discoveryservice] [           main] c.n.e.registry.AbstractInstanceRegistry  : Finished initializing remote region registries. All known remote regions: []
2024-12-26T19:33:14.187+09:00  INFO 24280 --- [discoveryservice] [           main] c.n.eureka.DefaultEurekaServerContext    : Initialized
2024-12-26T19:33:14.427+09:00  INFO 24280 --- [discoveryservice] [           main] o.s.b.a.e.web.EndpointLinksResolver      : Exposing 1 endpoint beneath base path '/actuator'
2024-12-26T19:33:14.506+09:00  INFO 24280 --- [discoveryservice] [           main] o.s.c.n.e.s.EurekaServiceRegistry        : Registering application DISCOVERYSERVICE with eureka with status UP
2024-12-26T19:33:14.521+09:00  INFO 24280 --- [discoveryservice] [      Thread-11] o.s.c.n.e.server.EurekaServerBootstrap   : isAws returned false
2024-12-26T19:33:14.522+09:00  INFO 24280 --- [discoveryservice] [      Thread-11] o.s.c.n.e.server.EurekaServerBootstrap   : Initialized server context
2024-12-26T19:33:14.522+09:00  INFO 24280 --- [discoveryservice] [      Thread-11] c.n.e.r.PeerAwareInstanceRegistryImpl    : Got 1 instances from neighboring DS node
2024-12-26T19:33:14.522+09:00  INFO 24280 --- [discoveryservice] [      Thread-11] c.n.e.r.PeerAwareInstanceRegistryImpl    : Renew threshold is: 1
2024-12-26T19:33:14.522+09:00  INFO 24280 --- [discoveryservice] [      Thread-11] c.n.e.r.PeerAwareInstanceRegistryImpl    : Changing status to UP
2024-12-26T19:33:14.525+09:00  INFO 24280 --- [discoveryservice] [      Thread-11] e.s.EurekaServerInitializerConfiguration : Started Eureka Server
2024-12-26T19:33:14.531+09:00  INFO 24280 --- [discoveryservice] [           main] c.e.d.DiscoveryserviceApplicationTests   : Started DiscoveryserviceApplicationTests in 9.636 seconds (process running for 11.56)
]]></system-out>
  </testcase>
</testsuite>